current directory: /home/deploy/Projects/my_app/shared/bundle/ruby/2.7.0/gems/puma-5.2.1/ext/puma_http11
/home/deploy/.rbenv/versions/2.7.2/bin/ruby -I /home/deploy/.rbenv/versions/2.7.2/lib/ruby/2.7.0 -r ./siteconf20210220-2116-y2h23x.rb extconf.rb
checking for BIO_read() in -lcrypto... yes
checking for SSL_CTX_new() in -lssl... yes
checking for openssl/bio.h... yes
checking for DTLS_method() in openssl/ssl.h... yes
checking for TLS_server_method() in openssl/ssl.h... yes
checking for SSL_CTX_set_min_proto_version(NULL, 0) in openssl/ssl.h... yes
checking for X509_STORE_up_ref()... yes
checking for SSL_CTX_set_ecdh_auto(NULL, 0) in openssl/ssl.h... yes
creating Makefile

current directory: /home/deploy/Projects/my_app/shared/bundle/ruby/2.7.0/gems/puma-5.2.1/ext/puma_http11
make "DESTDIR=" clean

current directory: /home/deploy/Projects/my_app/shared/bundle/ruby/2.7.0/gems/puma-5.2.1/ext/puma_http11
make "DESTDIR="
compiling http11_parser.c
compiling mini_ssl.c
compiling puma_http11.c
linking shared-object puma/puma_http11.so

current directory: /home/deploy/Projects/my_app/shared/bundle/ruby/2.7.0/gems/puma-5.2.1/ext/puma_http11
make "DESTDIR=" install
/usr/bin/install -c -m 0755 puma_http11.so ./.gem.20210220-2116-u828up/puma
