I, [2021-02-20T21:11:39.974057 #2365]  INFO -- : [7d32ef6d-b8e1-4c14-9131-02d67537b644] Started GET "/" for 192.168.86.18 at 2021-02-20 21:11:39 +0000
F, [2021-02-20T21:11:39.975695 #2365] FATAL -- : [7d32ef6d-b8e1-4c14-9131-02d67537b644]   
[7d32ef6d-b8e1-4c14-9131-02d67537b644] ActionController::RoutingError (No route matches [GET] "/"):
[7d32ef6d-b8e1-4c14-9131-02d67537b644]   
I, [2021-02-20T21:11:50.600898 #2365]  INFO -- : [4e353ffd-6713-4728-9653-fa7948c7b9ec] Started GET "/members" for 192.168.86.18 at 2021-02-20 21:11:50 +0000
I, [2021-02-20T21:11:50.604514 #2365]  INFO -- : [4e353ffd-6713-4728-9653-fa7948c7b9ec] Processing by MembersController#index as HTML
I, [2021-02-20T21:11:50.616632 #2365]  INFO -- : [4e353ffd-6713-4728-9653-fa7948c7b9ec]   Rendered members/index.html.erb within layouts/application (Duration: 0.6ms | Allocations: 98)
I, [2021-02-20T21:11:50.618553 #2365]  INFO -- : [4e353ffd-6713-4728-9653-fa7948c7b9ec]   Rendered layout layouts/application.html.erb (Duration: 2.6ms | Allocations: 588)
I, [2021-02-20T21:11:50.618792 #2365]  INFO -- : [4e353ffd-6713-4728-9653-fa7948c7b9ec] Completed 500 Internal Server Error in 14ms (Allocations: 1917)
F, [2021-02-20T21:11:50.619680 #2365] FATAL -- : [4e353ffd-6713-4728-9653-fa7948c7b9ec]   
[4e353ffd-6713-4728-9653-fa7948c7b9ec] ActionView::Template::Error (The asset "application.css" is not present in the asset pipeline.
):
[4e353ffd-6713-4728-9653-fa7948c7b9ec]      6:     <%= csrf_meta_tags %>
[4e353ffd-6713-4728-9653-fa7948c7b9ec]      7:     <%= csp_meta_tag %>
[4e353ffd-6713-4728-9653-fa7948c7b9ec]      8: 
[4e353ffd-6713-4728-9653-fa7948c7b9ec]      9:     <%= stylesheet_link_tag 'application', media: 'all', 'data-turbolinks-track': 'reload' %>
[4e353ffd-6713-4728-9653-fa7948c7b9ec]     10:     <%= javascript_pack_tag 'application', 'data-turbolinks-track': 'reload' %>
[4e353ffd-6713-4728-9653-fa7948c7b9ec]     11:   </head>
[4e353ffd-6713-4728-9653-fa7948c7b9ec]     12: 
[4e353ffd-6713-4728-9653-fa7948c7b9ec]   
[4e353ffd-6713-4728-9653-fa7948c7b9ec] app/views/layouts/application.html.erb:9
[4e353ffd-6713-4728-9653-fa7948c7b9ec] app/controllers/members_controller.rb:5:in `index'
I, [2021-02-20T21:12:30.361363 #2365]  INFO -- : [5b43b5b5-65e5-48b6-9cba-9e5e4093ed77] Started GET "/members" for 192.168.86.18 at 2021-02-20 21:12:30 +0000
I, [2021-02-20T21:12:30.362189 #2365]  INFO -- : [5b43b5b5-65e5-48b6-9cba-9e5e4093ed77] Processing by MembersController#index as HTML
I, [2021-02-20T21:12:30.363021 #2365]  INFO -- : [5b43b5b5-65e5-48b6-9cba-9e5e4093ed77]   Rendered members/index.html.erb within layouts/application (Duration: 0.0ms | Allocations: 4)
I, [2021-02-20T21:12:30.363573 #2365]  INFO -- : [5b43b5b5-65e5-48b6-9cba-9e5e4093ed77]   Rendered layout layouts/application.html.erb (Duration: 0.6ms | Allocations: 255)
I, [2021-02-20T21:12:30.363690 #2365]  INFO -- : [5b43b5b5-65e5-48b6-9cba-9e5e4093ed77] Completed 500 Internal Server Error in 1ms (Allocations: 513)
F, [2021-02-20T21:12:30.364290 #2365] FATAL -- : [5b43b5b5-65e5-48b6-9cba-9e5e4093ed77]   
[5b43b5b5-65e5-48b6-9cba-9e5e4093ed77] ActionView::Template::Error (The asset "application.css" is not present in the asset pipeline.
):
[5b43b5b5-65e5-48b6-9cba-9e5e4093ed77]      6:     <%= csrf_meta_tags %>
[5b43b5b5-65e5-48b6-9cba-9e5e4093ed77]      7:     <%= csp_meta_tag %>
[5b43b5b5-65e5-48b6-9cba-9e5e4093ed77]      8: 
[5b43b5b5-65e5-48b6-9cba-9e5e4093ed77]      9:     <%= stylesheet_link_tag 'application', media: 'all', 'data-turbolinks-track': 'reload' %>
[5b43b5b5-65e5-48b6-9cba-9e5e4093ed77]     10:     <%= javascript_pack_tag 'application', 'data-turbolinks-track': 'reload' %>
[5b43b5b5-65e5-48b6-9cba-9e5e4093ed77]     11:   </head>
[5b43b5b5-65e5-48b6-9cba-9e5e4093ed77]     12: 
[5b43b5b5-65e5-48b6-9cba-9e5e4093ed77]   
[5b43b5b5-65e5-48b6-9cba-9e5e4093ed77] app/views/layouts/application.html.erb:9
[5b43b5b5-65e5-48b6-9cba-9e5e4093ed77] app/controllers/members_controller.rb:5:in `index'
I, [2021-02-20T21:12:30.832049 #2365]  INFO -- : [6633758b-e203-4833-9e67-65ef9af14267] Started GET "/members" for 192.168.86.18 at 2021-02-20 21:12:30 +0000
I, [2021-02-20T21:12:30.832540 #2365]  INFO -- : [6633758b-e203-4833-9e67-65ef9af14267] Processing by MembersController#index as HTML
I, [2021-02-20T21:12:30.833082 #2365]  INFO -- : [6633758b-e203-4833-9e67-65ef9af14267]   Rendered members/index.html.erb within layouts/application (Duration: 0.0ms | Allocations: 4)
I, [2021-02-20T21:12:30.833483 #2365]  INFO -- : [6633758b-e203-4833-9e67-65ef9af14267]   Rendered layout layouts/application.html.erb (Duration: 0.4ms | Allocations: 255)
I, [2021-02-20T21:12:30.833585 #2365]  INFO -- : [6633758b-e203-4833-9e67-65ef9af14267] Completed 500 Internal Server Error in 1ms (Allocations: 512)
F, [2021-02-20T21:12:30.834108 #2365] FATAL -- : [6633758b-e203-4833-9e67-65ef9af14267]   
[6633758b-e203-4833-9e67-65ef9af14267] ActionView::Template::Error (The asset "application.css" is not present in the asset pipeline.
):
[6633758b-e203-4833-9e67-65ef9af14267]      6:     <%= csrf_meta_tags %>
[6633758b-e203-4833-9e67-65ef9af14267]      7:     <%= csp_meta_tag %>
[6633758b-e203-4833-9e67-65ef9af14267]      8: 
[6633758b-e203-4833-9e67-65ef9af14267]      9:     <%= stylesheet_link_tag 'application', media: 'all', 'data-turbolinks-track': 'reload' %>
[6633758b-e203-4833-9e67-65ef9af14267]     10:     <%= javascript_pack_tag 'application', 'data-turbolinks-track': 'reload' %>
[6633758b-e203-4833-9e67-65ef9af14267]     11:   </head>
[6633758b-e203-4833-9e67-65ef9af14267]     12: 
[6633758b-e203-4833-9e67-65ef9af14267]   
[6633758b-e203-4833-9e67-65ef9af14267] app/views/layouts/application.html.erb:9
[6633758b-e203-4833-9e67-65ef9af14267] app/controllers/members_controller.rb:5:in `index'
I, [2021-02-20T21:12:31.001667 #2365]  INFO -- : [28bca271-652d-43f9-8fcd-30eeec8b27a6] Started GET "/members" for 192.168.86.18 at 2021-02-20 21:12:31 +0000
I, [2021-02-20T21:12:31.002199 #2365]  INFO -- : [28bca271-652d-43f9-8fcd-30eeec8b27a6] Processing by MembersController#index as HTML
I, [2021-02-20T21:12:31.002797 #2365]  INFO -- : [28bca271-652d-43f9-8fcd-30eeec8b27a6]   Rendered members/index.html.erb within layouts/application (Duration: 0.0ms | Allocations: 4)
I, [2021-02-20T21:12:31.003310 #2365]  INFO -- : [28bca271-652d-43f9-8fcd-30eeec8b27a6]   Rendered layout layouts/application.html.erb (Duration: 0.5ms | Allocations: 255)
I, [2021-02-20T21:12:31.003442 #2365]  INFO -- : [28bca271-652d-43f9-8fcd-30eeec8b27a6] Completed 500 Internal Server Error in 1ms (Allocations: 512)
F, [2021-02-20T21:12:31.004056 #2365] FATAL -- : [28bca271-652d-43f9-8fcd-30eeec8b27a6]   
[28bca271-652d-43f9-8fcd-30eeec8b27a6] ActionView::Template::Error (The asset "application.css" is not present in the asset pipeline.
):
[28bca271-652d-43f9-8fcd-30eeec8b27a6]      6:     <%= csrf_meta_tags %>
[28bca271-652d-43f9-8fcd-30eeec8b27a6]      7:     <%= csp_meta_tag %>
[28bca271-652d-43f9-8fcd-30eeec8b27a6]      8: 
[28bca271-652d-43f9-8fcd-30eeec8b27a6]      9:     <%= stylesheet_link_tag 'application', media: 'all', 'data-turbolinks-track': 'reload' %>
[28bca271-652d-43f9-8fcd-30eeec8b27a6]     10:     <%= javascript_pack_tag 'application', 'data-turbolinks-track': 'reload' %>
[28bca271-652d-43f9-8fcd-30eeec8b27a6]     11:   </head>
[28bca271-652d-43f9-8fcd-30eeec8b27a6]     12: 
[28bca271-652d-43f9-8fcd-30eeec8b27a6]   
[28bca271-652d-43f9-8fcd-30eeec8b27a6] app/views/layouts/application.html.erb:9
[28bca271-652d-43f9-8fcd-30eeec8b27a6] app/controllers/members_controller.rb:5:in `index'
I, [2021-02-20T21:12:31.167436 #2365]  INFO -- : [676a8cef-3a8c-45b5-8028-8dfc92295067] Started GET "/members" for 192.168.86.18 at 2021-02-20 21:12:31 +0000
I, [2021-02-20T21:12:31.167934 #2365]  INFO -- : [676a8cef-3a8c-45b5-8028-8dfc92295067] Processing by MembersController#index as HTML
I, [2021-02-20T21:12:31.168432 #2365]  INFO -- : [676a8cef-3a8c-45b5-8028-8dfc92295067]   Rendered members/index.html.erb within layouts/application (Duration: 0.0ms | Allocations: 4)
I, [2021-02-20T21:12:31.168843 #2365]  INFO -- : [676a8cef-3a8c-45b5-8028-8dfc92295067]   Rendered layout layouts/application.html.erb (Duration: 0.4ms | Allocations: 255)
I, [2021-02-20T21:12:31.169283 #2365]  INFO -- : [676a8cef-3a8c-45b5-8028-8dfc92295067] Completed 500 Internal Server Error in 1ms (Allocations: 512)
F, [2021-02-20T21:12:31.169898 #2365] FATAL -- : [676a8cef-3a8c-45b5-8028-8dfc92295067]   
[676a8cef-3a8c-45b5-8028-8dfc92295067] ActionView::Template::Error (The asset "application.css" is not present in the asset pipeline.
):
[676a8cef-3a8c-45b5-8028-8dfc92295067]      6:     <%= csrf_meta_tags %>
[676a8cef-3a8c-45b5-8028-8dfc92295067]      7:     <%= csp_meta_tag %>
[676a8cef-3a8c-45b5-8028-8dfc92295067]      8: 
[676a8cef-3a8c-45b5-8028-8dfc92295067]      9:     <%= stylesheet_link_tag 'application', media: 'all', 'data-turbolinks-track': 'reload' %>
[676a8cef-3a8c-45b5-8028-8dfc92295067]     10:     <%= javascript_pack_tag 'application', 'data-turbolinks-track': 'reload' %>
[676a8cef-3a8c-45b5-8028-8dfc92295067]     11:   </head>
[676a8cef-3a8c-45b5-8028-8dfc92295067]     12: 
[676a8cef-3a8c-45b5-8028-8dfc92295067]   
[676a8cef-3a8c-45b5-8028-8dfc92295067] app/views/layouts/application.html.erb:9
[676a8cef-3a8c-45b5-8028-8dfc92295067] app/controllers/members_controller.rb:5:in `index'
I, [2021-02-20T21:12:31.353505 #2365]  INFO -- : [98f97705-5eff-402e-b654-92ae5712cbfe] Started GET "/members" for 192.168.86.18 at 2021-02-20 21:12:31 +0000
I, [2021-02-20T21:12:31.354187 #2365]  INFO -- : [98f97705-5eff-402e-b654-92ae5712cbfe] Processing by MembersController#index as HTML
I, [2021-02-20T21:12:31.354875 #2365]  INFO -- : [98f97705-5eff-402e-b654-92ae5712cbfe]   Rendered members/index.html.erb within layouts/application (Duration: 0.0ms | Allocations: 4)
I, [2021-02-20T21:12:31.355422 #2365]  INFO -- : [98f97705-5eff-402e-b654-92ae5712cbfe]   Rendered layout layouts/application.html.erb (Duration: 0.6ms | Allocations: 255)
I, [2021-02-20T21:12:31.355539 #2365]  INFO -- : [98f97705-5eff-402e-b654-92ae5712cbfe] Completed 500 Internal Server Error in 1ms (Allocations: 512)
F, [2021-02-20T21:12:31.356165 #2365] FATAL -- : [98f97705-5eff-402e-b654-92ae5712cbfe]   
[98f97705-5eff-402e-b654-92ae5712cbfe] ActionView::Template::Error (The asset "application.css" is not present in the asset pipeline.
):
[98f97705-5eff-402e-b654-92ae5712cbfe]      6:     <%= csrf_meta_tags %>
[98f97705-5eff-402e-b654-92ae5712cbfe]      7:     <%= csp_meta_tag %>
[98f97705-5eff-402e-b654-92ae5712cbfe]      8: 
[98f97705-5eff-402e-b654-92ae5712cbfe]      9:     <%= stylesheet_link_tag 'application', media: 'all', 'data-turbolinks-track': 'reload' %>
[98f97705-5eff-402e-b654-92ae5712cbfe]     10:     <%= javascript_pack_tag 'application', 'data-turbolinks-track': 'reload' %>
[98f97705-5eff-402e-b654-92ae5712cbfe]     11:   </head>
[98f97705-5eff-402e-b654-92ae5712cbfe]     12: 
[98f97705-5eff-402e-b654-92ae5712cbfe]   
[98f97705-5eff-402e-b654-92ae5712cbfe] app/views/layouts/application.html.erb:9
[98f97705-5eff-402e-b654-92ae5712cbfe] app/controllers/members_controller.rb:5:in `index'
